# JRE version: OpenJDK Runtime Environment (17.0.6) (build 17.0.6+0-17.0.6b802.4-9586694)
# Java VM: OpenJDK 64-Bit Server VM (17.0.6+0-17.0.6b802.4-9586694, mixed mode, tiered, compressed oops, compressed class ptrs, g1 gc, linux-amd64)
GC Precious Log:
 CPUs: 4 total, 4 available
 Memory: 7891M
 Large Page Support: Disabled
 NUMA Support: Disabled
 Compressed Oops: Enabled (32-bit)
 Heap Region Size: 1M
 Heap Min Capacity: 8M
 Heap Initial Capacity: 124M
 Heap Max Capacity: 1536M
 Pre-touch: Disabled
 Parallel Workers: 4
 Concurrent Workers: 1
 Concurrent Refinement Workers: 4
 Periodic GC: Disabled
Heap:
 garbage-first heap   total 319488K, used 129951K [0x00000000a0000000, 0x0000000100000000)
  region size 1024K, 24 young (24576K), 7 survivors (7168K)
 Metaspace       used 110642K, committed 111936K, reserved 1146880K
  class space    used 14604K, committed 15104K, reserved 1048576K
GC Heap History (20 events):
Event: 65,576 GC heap before
{Heap before GC invocations=50 (full 0):
 garbage-first heap   total 283648K, used 172036K [0x00000000a0000000, 0x0000000100000000)
  region size 1024K, 9 young (9216K), 2 survivors (2048K)
 Metaspace       used 102055K, committed 102784K, reserved 1138688K
  class space    used 13893K, committed 14208K, reserved 1048576K
}
Event: 65,591 GC heap after
{Heap after GC invocations=51 (full 0):
 garbage-first heap   total 283648K, used 166645K [0x00000000a0000000, 0x0000000100000000)
  region size 1024K, 1 young (1024K), 1 survivors (1024K)
 Metaspace       used 102055K, committed 102784K, reserved 1138688K
  class space    used 13893K, committed 14208K, reserved 1048576K
}
Event: 70,185 GC heap before
{Heap before GC invocations=52 (full 0):
 garbage-first heap   total 283648K, used 273141K [0x00000000a0000000, 0x0000000100000000)
  region size 1024K, 47 young (48128K), 1 survivors (1024K)
 Metaspace       used 104585K, committed 105408K, reserved 1146880K
  class space    used 14236K, committed 14592K, reserved 1048576K
}
Event: 70,210 GC heap after
{Heap after GC invocations=53 (full 0):
 garbage-first heap   total 283648K, used 175861K [0x00000000a0000000, 0x0000000100000000)
  region size 1024K, 4 young (4096K), 4 survivors (4096K)
 Metaspace       used 104585K, committed 105408K, reserved 1146880K
  class space    used 14236K, committed 14592K, reserved 1048576K
}
Event: 70,989 GC heap before
{Heap before GC invocations=53 (full 0):
 garbage-first heap   total 283648K, used 231157K [0x00000000a0000000, 0x0000000100000000)
  region size 1024K, 13 young (13312K), 4 survivors (4096K)
 Metaspace       used 104761K, committed 105472K, reserved 1146880K
  class space    used 14263K, committed 14592K, reserved 1048576K
}
Event: 71,007 GC heap after
{Heap after GC invocations=54 (full 0):
 garbage-first heap   total 283648K, used 169987K [0x00000000a0000000, 0x0000000100000000)
  region size 1024K, 2 young (2048K), 2 survivors (2048K)
 Metaspace       used 104761K, committed 105472K, reserved 1146880K
  class space    used 14263K, committed 14592K, reserved 1048576K
}
Event: 226,696 GC heap before
{Heap before GC invocations=54 (full 0):
 garbage-first heap   total 283648K, used 236547K [0x00000000a0000000, 0x0000000100000000)
  region size 1024K, 68 young (69632K), 2 survivors (2048K)
 Metaspace       used 109341K, committed 110144K, reserved 1146880K
  class space    used 14638K, committed 14976K, reserved 1048576K
}
Event: 226,730 GC heap after
{Heap after GC invocations=55 (full 0):
 garbage-first heap   total 283648K, used 175336K [0x00000000a0000000, 0x0000000100000000)
  region size 1024K, 7 young (7168K), 7 survivors (7168K)
 Metaspace       used 109341K, committed 110144K, reserved 1146880K
  class space    used 14638K, committed 14976K, reserved 1048576K
}
Event: 986,117 GC heap before
{Heap before GC invocations=56 (full 0):
 garbage-first heap   total 283648K, used 169192K [0x00000000a0000000, 0x0000000100000000)
  region size 1024K, 68 young (69632K), 7 survivors (7168K)
 Metaspace       used 109895K, committed 110720K, reserved 1146880K
  class space    used 14648K, committed 15040K, reserved 1048576K
}
Event: 986,133 GC heap after
{Heap after GC invocations=57 (full 0):
 garbage-first heap   total 283648K, used 104387K [0x00000000a0000000, 0x0000000100000000)
  region size 1024K, 2 young (2048K), 2 survivors (2048K)
 Metaspace       used 109895K, committed 110720K, reserved 1146880K
  class space    used 14648K, committed 15040K, reserved 1048576K
}
Event: 1286,640 GC heap before
{Heap before GC invocations=57 (full 0):
 garbage-first heap   total 283648K, used 114627K [0x00000000a0000000, 0x0000000100000000)
  region size 1024K, 13 young (13312K), 2 survivors (2048K)
 Metaspace       used 109974K, committed 110784K, reserved 1146880K
  class space    used 14649K, committed 15040K, reserved 1048576K
}
Event: 1286,656 GC heap after
{Heap after GC invocations=58 (full 0):
 garbage-first heap   total 283648K, used 104691K [0x00000000a0000000, 0x0000000100000000)
  region size 1024K, 2 young (2048K), 2 survivors (2048K)
 Metaspace       used 109974K, committed 110784K, reserved 1146880K
  class space    used 14649K, committed 15040K, reserved 1048576K
}
Event: 1302,590 GC heap before
{Heap before GC invocations=58 (full 0):
 garbage-first heap   total 283648K, used 172275K [0x00000000a0000000, 0x0000000100000000)
  region size 1024K, 70 young (71680K), 2 survivors (2048K)
 Metaspace       used 110378K, committed 111232K, reserved 1146880K
  class space    used 14668K, committed 15040K, reserved 1048576K
}
Event: 1302,739 GC heap after
{Heap after GC invocations=59 (full 0):
 garbage-first heap   total 283648K, used 111808K [0x00000000a0000000, 0x0000000100000000)
  region size 1024K, 9 young (9216K), 9 survivors (9216K)
 Metaspace       used 110378K, committed 111232K, reserved 1146880K
  class space    used 14668K, committed 15040K, reserved 1048576K
}
Event: 1306,457 GC heap before
{Heap before GC invocations=60 (full 0):
 garbage-first heap   total 319488K, used 304320K [0x00000000a0000000, 0x0000000100000000)
  region size 1024K, 39 young (39936K), 9 survivors (9216K)
 Metaspace       used 110493K, committed 111360K, reserved 1146880K
  class space    used 14669K, committed 15040K, reserved 1048576K
}
Event: 1306,482 GC heap after
{Heap after GC invocations=61 (full 0):
 garbage-first heap   total 319488K, used 118814K [0x00000000a0000000, 0x0000000100000000)
  region size 1024K, 9 young (9216K), 9 survivors (9216K)
 Metaspace       used 110493K, committed 111360K, reserved 1146880K
  class space    used 14669K, committed 15040K, reserved 1048576K
}
Event: 1377,542 GC heap before
{Heap before GC invocations=61 (full 0):
 garbage-first heap   total 319488K, used 136222K [0x00000000a0000000, 0x0000000100000000)
  region size 1024K, 15 young (15360K), 9 survivors (9216K)
 Metaspace       used 110530K, committed 111360K, reserved 1146880K
  class space    used 14671K, committed 15040K, reserved 1048576K
}
Event: 1377,575 GC heap after
{Heap after GC invocations=62 (full 0):
 garbage-first heap   total 319488K, used 110013K [0x00000000a0000000, 0x0000000100000000)
  region size 1024K, 2 young (2048K), 2 survivors (2048K)
 Metaspace       used 110530K, committed 111360K, reserved 1146880K
  class space    used 14671K, committed 15040K, reserved 1048576K
}
Event: 5912,682 GC heap before
{Heap before GC invocations=62 (full 0):
 garbage-first heap   total 319488K, used 253373K [0x00000000a0000000, 0x0000000100000000)
  region size 1024K, 143 young (146432K), 2 survivors (2048K)
 Metaspace       used 110913K, committed 111808K, reserved 1146880K
  class space    used 14692K, committed 15104K, reserved 1048576K
}
Event: 5912,780 GC heap after
{Heap after GC invocations=63 (full 0):
 garbage-first heap   total 319488K, used 114591K [0x00000000a0000000, 0x0000000100000000)
  region size 1024K, 7 young (7168K), 7 survivors (7168K)
 Metaspace       used 110913K, committed 111808K, reserved 1146880K
  class space    used 14692K, committed 15104K, reserved 1048576K
}

